TN:
SF:src\index.ts
FN:21,(anonymous_1)
FN:22,(anonymous_2)
FN:36,(anonymous_3)
FN:37,(anonymous_4)
FN:38,(anonymous_5)
FN:39,(anonymous_6)
FN:40,(anonymous_7)
FN:41,(anonymous_8)
FN:45,(anonymous_9)
FN:46,(anonymous_10)
FN:47,(anonymous_11)
FN:52,(anonymous_12)
FN:53,(anonymous_13)
FN:54,(anonymous_14)
FN:55,(anonymous_15)
FN:56,(anonymous_16)
FN:57,(anonymous_17)
FN:58,(anonymous_18)
FN:59,(anonymous_19)
FN:64,(anonymous_20)
FN:65,(anonymous_21)
FN:66,(anonymous_22)
FN:67,(anonymous_23)
FN:68,(anonymous_24)
FN:69,(anonymous_25)
FN:70,(anonymous_26)
FN:71,(anonymous_27)
FN:76,(anonymous_28)
FN:77,(anonymous_29)
FN:78,(anonymous_30)
FN:81,(anonymous_31)
FN:108,detectarPaisPorTimezone
FN:135,inicializarComercialTime
FN:168,(anonymous_34)
FN:198,inicializar
FN:208,inicializarRapido
FN:218,inicializarParaBrasil
FN:230,obterInfoTimezone
FN:238,estaInicializado
FN:244,(anonymous_40)
FN:245,(anonymous_41)
FN:246,(anonymous_42)
FN:247,(anonymous_43)
FN:248,(anonymous_44)
FN:249,(anonymous_45)
FN:250,(anonymous_46)
FN:251,(anonymous_47)
FN:252,(anonymous_48)
FN:253,(anonymous_49)
FN:254,(anonymous_50)
FN:255,(anonymous_51)
FN:260,(anonymous_52)
FN:261,(anonymous_53)
FN:262,(anonymous_54)
FN:263,(anonymous_55)
FN:264,(anonymous_56)
FN:265,(anonymous_57)
FN:269,(anonymous_58)
FN:273,(anonymous_59)
FN:278,(anonymous_60)
FN:284,(anonymous_61)
FN:290,(anonymous_62)
FN:291,(anonymous_63)
FN:291,(anonymous_64)
FN:291,(anonymous_65)
FNF:65
FNH:3
FNDA:0,(anonymous_1)
FNDA:0,(anonymous_2)
FNDA:0,(anonymous_3)
FNDA:0,(anonymous_4)
FNDA:0,(anonymous_5)
FNDA:0,(anonymous_6)
FNDA:0,(anonymous_7)
FNDA:0,(anonymous_8)
FNDA:0,(anonymous_9)
FNDA:0,(anonymous_10)
FNDA:0,(anonymous_11)
FNDA:0,(anonymous_12)
FNDA:0,(anonymous_13)
FNDA:0,(anonymous_14)
FNDA:0,(anonymous_15)
FNDA:0,(anonymous_16)
FNDA:0,(anonymous_17)
FNDA:0,(anonymous_18)
FNDA:0,(anonymous_19)
FNDA:0,(anonymous_20)
FNDA:0,(anonymous_21)
FNDA:0,(anonymous_22)
FNDA:0,(anonymous_23)
FNDA:0,(anonymous_24)
FNDA:0,(anonymous_25)
FNDA:0,(anonymous_26)
FNDA:0,(anonymous_27)
FNDA:0,(anonymous_28)
FNDA:0,(anonymous_29)
FNDA:0,(anonymous_30)
FNDA:0,(anonymous_31)
FNDA:0,detectarPaisPorTimezone
FNDA:0,inicializarComercialTime
FNDA:0,(anonymous_34)
FNDA:0,inicializar
FNDA:0,inicializarRapido
FNDA:0,inicializarParaBrasil
FNDA:0,obterInfoTimezone
FNDA:0,estaInicializado
FNDA:0,(anonymous_40)
FNDA:0,(anonymous_41)
FNDA:0,(anonymous_42)
FNDA:0,(anonymous_43)
FNDA:0,(anonymous_44)
FNDA:0,(anonymous_45)
FNDA:0,(anonymous_46)
FNDA:0,(anonymous_47)
FNDA:0,(anonymous_48)
FNDA:0,(anonymous_49)
FNDA:0,(anonymous_50)
FNDA:0,(anonymous_51)
FNDA:0,(anonymous_52)
FNDA:0,(anonymous_53)
FNDA:0,(anonymous_54)
FNDA:0,(anonymous_55)
FNDA:0,(anonymous_56)
FNDA:0,(anonymous_57)
FNDA:5,(anonymous_58)
FNDA:12,(anonymous_59)
FNDA:0,(anonymous_60)
FNDA:4,(anonymous_61)
FNDA:0,(anonymous_62)
FNDA:0,(anonymous_63)
FNDA:0,(anonymous_64)
FNDA:0,(anonymous_65)
DA:20,2
DA:21,2
DA:22,2
DA:35,2
DA:36,2
DA:37,2
DA:38,2
DA:39,2
DA:40,2
DA:41,2
DA:44,2
DA:45,2
DA:46,2
DA:47,2
DA:51,2
DA:52,2
DA:53,2
DA:54,2
DA:55,2
DA:56,2
DA:57,2
DA:58,2
DA:59,2
DA:63,2
DA:64,2
DA:65,2
DA:66,2
DA:67,2
DA:68,2
DA:69,2
DA:70,2
DA:71,2
DA:75,2
DA:76,2
DA:77,2
DA:78,2
DA:81,2
DA:88,2
DA:89,2
DA:113,0
DA:117,0
DA:118,0
DA:122,0
DA:123,0
DA:127,0
DA:129,0
DA:135,2
DA:146,0
DA:147,0
DA:148,0
DA:153,0
DA:155,0
DA:156,0
DA:159,0
DA:160,0
DA:164,0
DA:165,0
DA:167,0
DA:168,0
DA:169,0
DA:172,0
DA:182,0
DA:183,0
DA:198,2
DA:202,0
DA:208,2
DA:209,0
DA:218,2
DA:221,0
DA:230,2
DA:231,0
DA:232,0
DA:238,2
DA:239,0
DA:243,2
DA:244,2
DA:245,2
DA:246,2
DA:247,2
DA:248,2
DA:249,2
DA:250,2
DA:251,2
DA:252,2
DA:253,2
DA:254,2
DA:255,2
DA:259,2
DA:260,2
DA:261,2
DA:262,2
DA:263,2
DA:264,2
DA:265,2
DA:269,7
DA:272,2
DA:273,14
DA:277,2
DA:278,2
DA:283,2
DA:284,6
DA:290,2
DA:291,2
LF:103
LH:74
BRDA:113,0,0,0
BRDA:113,0,1,0
BRDA:114,1,0,0
BRDA:114,1,1,0
BRDA:118,2,0,0
BRDA:118,2,1,0
BRDA:119,3,0,0
BRDA:119,3,1,0
BRDA:123,4,0,0
BRDA:123,4,1,0
BRDA:124,5,0,0
BRDA:124,5,1,0
BRDA:147,6,0,0
BRDA:147,6,1,0
BRDA:155,7,0,0
BRDA:155,7,1,0
BRDA:159,8,0,0
BRDA:159,8,1,0
BRDA:167,9,0,0
BRDA:167,9,1,0
BRDA:182,10,0,0
BRDA:182,10,1,0
BRDA:185,11,0,0
BRDA:185,11,1,0
BRDA:200,12,0,0
BRDA:219,13,0,0
BRF:26
BRH:0
end_of_record
TN:
SF:src\application\services\feriado-update.service.ts
FN:29,(anonymous_0)
FN:38,(anonymous_1)
FN:87,(anonymous_2)
FN:104,(anonymous_3)
FN:142,(anonymous_4)
FN:218,(anonymous_5)
FN:231,(anonymous_6)
FN:239,(anonymous_7)
FN:247,(anonymous_8)
FN:261,(anonymous_9)
FN:301,(anonymous_10)
FN:310,(anonymous_11)
FN:319,(anonymous_12)
FN:337,(anonymous_13)
FN:349,(anonymous_14)
FN:363,(anonymous_15)
FNF:16
FNH:0
FNDA:0,(anonymous_0)
FNDA:0,(anonymous_1)
FNDA:0,(anonymous_2)
FNDA:0,(anonymous_3)
FNDA:0,(anonymous_4)
FNDA:0,(anonymous_5)
FNDA:0,(anonymous_6)
FNDA:0,(anonymous_7)
FNDA:0,(anonymous_8)
FNDA:0,(anonymous_9)
FNDA:0,(anonymous_10)
FNDA:0,(anonymous_11)
FNDA:0,(anonymous_12)
FNDA:0,(anonymous_13)
FNDA:0,(anonymous_14)
FNDA:0,(anonymous_15)
DA:14,3
DA:15,3
DA:16,3
DA:19,3
DA:24,3
DA:25,0
DA:30,0
DA:31,0
DA:39,0
DA:40,0
DA:44,0
DA:50,0
DA:51,0
DA:53,0
DA:61,0
DA:64,0
DA:66,0
DA:75,0
DA:79,0
DA:88,0
DA:89,0
DA:94,0
DA:100,0
DA:101,0
DA:103,0
DA:104,0
DA:108,0
DA:116,0
DA:119,0
DA:121,0
DA:130,0
DA:134,0
DA:143,0
DA:144,0
DA:148,0
DA:153,0
DA:156,0
DA:159,0
DA:162,0
DA:166,0
DA:167,0
DA:168,0
DA:169,0
DA:172,0
DA:173,0
DA:175,0
DA:178,0
DA:179,0
DA:181,0
DA:185,0
DA:188,0
DA:196,0
DA:198,0
DA:207,0
DA:211,0
DA:219,0
DA:221,0
DA:224,0
DA:231,0
DA:232,0
DA:235,0
DA:239,0
DA:240,0
DA:248,0
DA:249,0
DA:250,0
DA:251,0
DA:262,0
DA:265,0
DA:266,0
DA:267,0
DA:268,0
DA:269,0
DA:270,0
DA:274,0
DA:279,0
DA:280,0
DA:285,0
DA:286,0
DA:291,0
DA:294,0
DA:302,0
DA:303,0
DA:311,0
DA:312,0
DA:320,0
DA:322,0
DA:324,0
DA:326,0
DA:328,0
DA:338,0
DA:340,0
DA:341,0
DA:353,0
DA:355,0
DA:356,0
DA:364,0
DA:365,0
DA:366,0
LF:99
LH:5
BRDA:72,0,0,0
BRDA:72,0,1,0
BRDA:127,1,0,0
BRDA:127,1,1,0
BRDA:153,2,0,0
BRDA:153,2,1,0
BRDA:156,3,0,0
BRDA:156,3,1,0
BRDA:159,4,0,0
BRDA:159,4,1,0
BRDA:162,5,0,0
BRDA:162,5,1,0
BRDA:167,6,0,0
BRDA:167,6,1,0
BRDA:167,7,0,0
BRDA:167,7,1,0
BRDA:172,8,0,0
BRDA:172,8,1,0
BRDA:178,9,0,0
BRDA:178,9,1,0
BRDA:189,10,0,0
BRDA:189,10,1,0
BRDA:204,11,0,0
BRDA:204,11,1,0
BRDA:219,12,0,0
BRDA:219,12,1,0
BRDA:248,13,0,0
BRDA:248,13,1,0
BRDA:262,14,0,0
BRDA:262,14,1,0
BRDA:265,15,0,0
BRDA:265,15,1,0
BRDA:267,16,0,0
BRDA:267,16,1,0
BRDA:269,17,0,0
BRDA:269,17,1,0
BRDA:274,18,0,0
BRDA:274,18,1,0
BRDA:275,19,0,0
BRDA:275,19,1,0
BRDA:275,19,2,0
BRDA:280,20,0,0
BRDA:280,20,1,0
BRDA:281,21,0,0
BRDA:281,21,1,0
BRDA:281,21,2,0
BRDA:286,22,0,0
BRDA:286,22,1,0
BRDA:287,23,0,0
BRDA:287,23,1,0
BRDA:287,23,2,0
BRDA:320,24,0,0
BRDA:320,24,1,0
BRDA:320,24,2,0
BRDA:320,24,3,0
BRDA:365,25,0,0
BRDA:365,25,1,0
BRF:57
BRH:0
end_of_record
TN:
SF:src\application\services\optimized-horario-comercial.service.ts
FN:29,(anonymous_0)
FN:33,(anonymous_1)
FN:37,(anonymous_2)
FN:48,(anonymous_3)
FN:52,(anonymous_4)
FN:78,(anonymous_5)
FN:84,(anonymous_6)
FN:86,(anonymous_7)
FN:95,(anonymous_8)
FN:105,(anonymous_9)
FN:140,(anonymous_10)
FN:168,(anonymous_11)
FN:251,(anonymous_12)
FN:302,(anonymous_13)
FN:413,(anonymous_14)
FN:458,(anonymous_15)
FN:466,(anonymous_16)
FN:473,(anonymous_17)
FN:484,(anonymous_18)
FNF:19
FNH:0
FNDA:0,(anonymous_0)
FNDA:0,(anonymous_1)
FNDA:0,(anonymous_2)
FNDA:0,(anonymous_3)
FNDA:0,(anonymous_4)
FNDA:0,(anonymous_5)
FNDA:0,(anonymous_6)
FNDA:0,(anonymous_7)
FNDA:0,(anonymous_8)
FNDA:0,(anonymous_9)
FNDA:0,(anonymous_10)
FNDA:0,(anonymous_11)
FNDA:0,(anonymous_12)
FNDA:0,(anonymous_13)
FNDA:0,(anonymous_14)
FNDA:0,(anonymous_15)
FNDA:0,(anonymous_16)
FNDA:0,(anonymous_17)
FNDA:0,(anonymous_18)
DA:13,2
DA:14,2
DA:20,2
DA:26,0
DA:30,0
DA:34,0
DA:38,0
DA:40,0
DA:41,0
DA:42,0
DA:45,0
DA:49,0
DA:53,0
DA:62,2
DA:69,0
DA:70,0
DA:71,0
DA:82,0
DA:83,0
DA:84,0
DA:86,0
DA:87,0
DA:95,0
DA:96,0
DA:97,0
DA:105,0
DA:107,0
DA:108,0
DA:110,0
DA:111,0
DA:112,0
DA:117,0
DA:118,0
DA:119,0
DA:123,0
DA:124,0
DA:125,0
DA:126,0
DA:129,0
DA:130,0
DA:132,0
DA:133,0
DA:134,0
DA:135,0
DA:138,0
DA:139,0
DA:141,0
DA:146,0
DA:149,0
DA:150,0
DA:151,0
DA:155,0
DA:156,0
DA:160,0
DA:168,0
DA:170,0
DA:171,0
DA:173,0
DA:174,0
DA:175,0
DA:178,0
DA:179,0
DA:180,0
DA:183,0
DA:184,0
DA:186,0
DA:187,0
DA:188,0
DA:190,0
DA:191,0
DA:192,0
DA:193,0
DA:195,0
DA:197,0
DA:198,0
DA:199,0
DA:200,0
DA:206,0
DA:207,0
DA:208,0
DA:212,0
DA:213,0
DA:219,0
DA:220,0
DA:221,0
DA:227,0
DA:228,0
DA:229,0
DA:232,0
DA:235,0
DA:238,0
DA:239,0
DA:243,0
DA:251,0
DA:252,0
DA:253,0
DA:256,0
DA:257,0
DA:258,0
DA:261,0
DA:262,0
DA:263,0
DA:266,0
DA:267,0
DA:269,0
DA:270,0
DA:271,0
DA:274,0
DA:277,0
DA:278,0
DA:279,0
DA:280,0
DA:281,0
DA:287,0
DA:288,0
DA:292,0
DA:293,0
DA:302,0
DA:307,0
DA:308,0
DA:310,0
DA:311,0
DA:312,0
DA:317,0
DA:318,0
DA:319,0
DA:322,0
DA:323,0
DA:325,0
DA:326,0
DA:328,0
DA:329,0
DA:330,0
DA:333,0
DA:334,0
DA:336,0
DA:338,0
DA:339,0
DA:340,0
DA:343,0
DA:346,0
DA:347,0
DA:348,0
DA:350,0
DA:352,0
DA:358,0
DA:361,0
DA:363,0
DA:365,0
DA:367,0
DA:370,0
DA:371,0
DA:374,0
DA:375,0
DA:386,0
DA:387,0
DA:390,0
DA:393,0
DA:396,0
DA:397,0
DA:400,0
DA:401,0
DA:405,0
DA:413,0
DA:414,0
DA:415,0
DA:418,0
DA:419,0
DA:420,0
DA:423,0
DA:424,0
DA:425,0
DA:428,0
DA:429,0
DA:431,0
DA:432,0
DA:433,0
DA:436,0
DA:437,0
DA:439,0
DA:440,0
DA:441,0
DA:443,0
DA:444,0
DA:445,0
DA:446,0
DA:450,0
DA:451,0
DA:458,0
DA:459,0
DA:467,0
DA:473,0
DA:474,0
DA:475,0
DA:476,0
DA:477,0
DA:484,0
DA:490,0
LF:198
LH:4
BRDA:29,0,0,0
BRDA:34,1,0,0
BRDA:34,1,1,0
BRDA:38,2,0,0
BRDA:38,2,1,0
BRDA:41,3,0,0
BRDA:41,3,1,0
BRDA:80,4,0,0
BRDA:105,5,0,0
BRDA:111,6,0,0
BRDA:111,6,1,0
BRDA:118,7,0,0
BRDA:118,7,1,0
BRDA:123,8,0,0
BRDA:123,8,1,0
BRDA:132,9,0,0
BRDA:132,9,1,0
BRDA:132,10,0,0
BRDA:132,10,1,0
BRDA:141,11,0,0
BRDA:141,11,1,0
BRDA:150,12,0,0
BRDA:150,12,1,0
BRDA:155,13,0,0
BRDA:155,13,1,0
BRDA:168,14,0,0
BRDA:174,15,0,0
BRDA:174,15,1,0
BRDA:179,16,0,0
BRDA:179,16,1,0
BRDA:190,17,0,0
BRDA:190,17,1,0
BRDA:190,18,0,0
BRDA:190,18,1,0
BRDA:190,18,2,0
BRDA:192,19,0,0
BRDA:192,19,1,0
BRDA:195,20,0,0
BRDA:195,20,1,0
BRDA:198,21,0,0
BRDA:198,21,1,0
BRDA:238,22,0,0
BRDA:238,22,1,0
BRDA:251,23,0,0
BRDA:252,24,0,0
BRDA:252,24,1,0
BRDA:257,25,0,0
BRDA:257,25,1,0
BRDA:261,26,0,0
BRDA:261,26,1,0
BRDA:269,27,0,0
BRDA:269,27,1,0
BRDA:269,28,0,0
BRDA:269,28,1,0
BRDA:279,29,0,0
BRDA:279,29,1,0
BRDA:303,30,0,0
BRDA:304,31,0,0
BRDA:311,32,0,0
BRDA:311,32,1,0
BRDA:318,33,0,0
BRDA:318,33,1,0
BRDA:326,34,0,0
BRDA:326,34,1,0
BRDA:336,35,0,0
BRDA:336,35,1,0
BRDA:336,36,0,0
BRDA:336,36,1,0
BRDA:350,37,0,0
BRDA:350,37,1,0
BRDA:361,38,0,0
BRDA:361,38,1,0
BRDA:361,39,0,0
BRDA:361,39,1,0
BRDA:365,40,0,0
BRDA:365,40,1,0
BRDA:396,41,0,0
BRDA:396,41,1,0
BRDA:396,42,0,0
BRDA:396,42,1,0
BRDA:400,43,0,0
BRDA:400,43,1,0
BRDA:400,44,0,0
BRDA:400,44,1,0
BRDA:413,45,0,0
BRDA:414,46,0,0
BRDA:414,46,1,0
BRDA:419,47,0,0
BRDA:419,47,1,0
BRDA:423,48,0,0
BRDA:423,48,1,0
BRDA:431,49,0,0
BRDA:431,49,1,0
BRDA:431,50,0,0
BRDA:431,50,1,0
BRDA:443,51,0,0
BRDA:443,51,1,0
BRDA:443,52,0,0
BRDA:443,52,1,0
BRDA:445,53,0,0
BRDA:445,53,1,0
BRF:101
BRH:0
end_of_record
TN:
SF:src\application\use-cases\horario-comercial.use-case.ts
FN:98,(anonymous_0)
FN:109,(anonymous_1)
FN:130,(anonymous_2)
FN:145,(anonymous_3)
FN:160,(anonymous_4)
FN:169,(anonymous_5)
FN:178,(anonymous_6)
FN:188,(anonymous_7)
FN:197,(anonymous_8)
FN:205,(anonymous_9)
FN:213,(anonymous_10)
FN:221,(anonymous_11)
FN:229,(anonymous_12)
FN:238,(anonymous_13)
FN:246,(anonymous_14)
FN:255,(anonymous_15)
FN:263,(anonymous_16)
FN:271,(anonymous_17)
FN:279,(anonymous_18)
FNF:19
FNH:17
FNDA:16,(anonymous_0)
FNDA:16,(anonymous_1)
FNDA:2,(anonymous_2)
FNDA:0,(anonymous_3)
FNDA:1,(anonymous_4)
FNDA:1,(anonymous_5)
FNDA:1,(anonymous_6)
FNDA:0,(anonymous_7)
FNDA:1,(anonymous_8)
FNDA:1,(anonymous_9)
FNDA:1,(anonymous_10)
FNDA:1,(anonymous_11)
FNDA:1,(anonymous_12)
FNDA:1,(anonymous_13)
FNDA:1,(anonymous_14)
FNDA:1,(anonymous_15)
FNDA:1,(anonymous_16)
FNDA:1,(anonymous_17)
FNDA:1,(anonymous_18)
DA:11,3
DA:90,3
DA:100,16
DA:101,16
DA:112,16
DA:113,16
DA:117,16
DA:118,16
DA:119,16
DA:121,16
DA:134,2
DA:149,0
DA:161,1
DA:170,1
DA:179,1
DA:189,0
DA:198,1
DA:206,1
DA:214,1
DA:222,1
DA:230,1
DA:239,1
DA:247,1
DA:256,1
DA:264,1
DA:272,1
DA:280,1
LF:27
LH:25
BRDA:136,0,0,2
BRDA:136,0,1,1
BRDA:151,1,0,0
BRDA:151,1,1,0
BRDA:160,2,0,1
BRDA:169,3,0,1
BRDA:178,4,0,1
BRDA:197,5,0,1
BRF:8
BRH:6
end_of_record
TN:
SF:src\config\timezone.config.ts
FN:34,getTimezoneFromEnv
FN:91,(anonymous_1)
FN:101,(anonymous_2)
FN:130,(anonymous_3)
FN:143,(anonymous_4)
FN:151,(anonymous_5)
FN:159,(anonymous_6)
FN:189,(anonymous_7)
FN:201,(anonymous_8)
FN:227,(anonymous_9)
FN:244,(anonymous_10)
FN:254,(anonymous_11)
FN:284,getCurrentTimezone
FN:292,getCurrentDate
FN:302,formatDate
FN:313,setTimezone
FNF:16
FNH:15
FNDA:4,getTimezoneFromEnv
FNDA:4,(anonymous_1)
FNDA:0,(anonymous_2)
FNDA:24,(anonymous_3)
FNDA:50,(anonymous_4)
FNDA:1,(anonymous_5)
FNDA:19,(anonymous_6)
FNDA:5,(anonymous_7)
FNDA:2,(anonymous_8)
FNDA:2,(anonymous_9)
FNDA:2,(anonymous_10)
FNDA:2,(anonymous_11)
FNDA:46,getCurrentTimezone
FNDA:1,getCurrentDate
FNDA:1,formatDate
FNDA:4,setTimezone
DA:9,4
DA:10,4
DA:13,4
DA:37,4
DA:38,4
DA:40,0
DA:41,0
DA:44,4
DA:45,0
DA:48,0
DA:53,4
DA:54,4
DA:55,4
DA:57,0
DA:61,0
DA:70,4
DA:92,4
DA:94,4
DA:102,0
DA:103,0
DA:108,0
DA:110,0
DA:112,0
DA:113,0
DA:116,0
DA:117,0
DA:122,0
DA:131,24
DA:132,24
DA:133,23
DA:135,1
DA:144,50
DA:152,1
DA:160,19
DA:161,19
DA:164,19
DA:165,2
DA:166,17
DA:168,17
DA:170,0
DA:173,0
DA:175,0
DA:178,19
DA:179,0
DA:180,0
DA:190,5
DA:191,1
DA:193,4
DA:205,2
DA:207,2
DA:208,2
DA:210,0
DA:211,0
DA:214,2
DA:215,0
DA:216,0
DA:220,2
DA:228,2
DA:229,2
DA:230,2
DA:231,2
DA:234,2
DA:236,0
DA:245,2
DA:257,2
DA:258,2
DA:263,0
DA:264,0
DA:267,2
DA:268,0
DA:269,0
DA:273,2
DA:278,4
DA:284,4
DA:285,46
DA:292,4
DA:293,1
DA:302,4
DA:306,1
DA:313,4
DA:314,4
DA:315,3
DA:317,1
LF:83
LH:54
BRDA:44,0,0,0
BRDA:44,0,1,4
BRDA:91,1,0,4
BRDA:102,2,0,0
BRDA:102,2,1,0
BRDA:116,3,0,0
BRDA:116,3,1,0
BRDA:116,4,0,0
BRDA:116,4,1,0
BRDA:164,5,0,2
BRDA:164,5,1,17
BRDA:164,6,0,19
BRDA:164,6,1,2
BRDA:166,7,0,17
BRDA:166,7,1,0
BRDA:166,8,0,17
BRDA:166,8,1,17
BRDA:178,9,0,0
BRDA:178,9,1,19
BRDA:190,10,0,1
BRDA:190,10,1,4
BRDA:214,11,0,0
BRDA:214,11,1,2
BRDA:267,12,0,0
BRDA:267,12,1,2
BRDA:267,13,0,2
BRDA:267,13,1,2
BRDA:314,14,0,3
BRDA:314,14,1,1
BRF:29
BRH:18
end_of_record
TN:
SF:src\core\comercial-time.ts
FN:39,(anonymous_0)
FN:53,(anonymous_1)
FN:63,(anonymous_2)
FN:128,(anonymous_3)
FN:139,(anonymous_4)
FN:160,(anonymous_5)
FN:168,(anonymous_6)
FN:177,(anonymous_7)
FN:209,(anonymous_8)
FN:218,(anonymous_9)
FN:226,(anonymous_10)
FN:234,(anonymous_11)
FN:242,(anonymous_12)
FN:262,(anonymous_13)
FN:307,criarComercialTime
FNF:15
FNH:13
FNDA:30,(anonymous_0)
FNDA:28,(anonymous_1)
FNDA:28,(anonymous_2)
FNDA:30,(anonymous_3)
FNDA:279,(anonymous_4)
FNDA:0,(anonymous_5)
FNDA:1,(anonymous_6)
FNDA:1,(anonymous_7)
FNDA:3,(anonymous_8)
FNDA:4,(anonymous_9)
FNDA:1,(anonymous_10)
FNDA:1,(anonymous_11)
FNDA:9,(anonymous_12)
FNDA:90,(anonymous_13)
FNDA:0,criarComercialTime
DA:9,3
DA:10,3
DA:28,3
DA:29,30
DA:30,30
DA:31,30
DA:32,30
DA:33,30
DA:41,30
DA:42,30
DA:43,30
DA:44,30
DA:45,30
DA:54,28
DA:55,28
DA:56,28
DA:65,28
DA:67,28
DA:69,28
DA:79,28
DA:80,28
DA:81,28
DA:82,28
DA:86,28
DA:87,27
DA:91,28
DA:92,14
DA:96,14
DA:97,22
DA:98,22
DA:100,22
DA:101,22
DA:103,0
DA:112,0
DA:113,0
DA:114,0
DA:115,0
DA:116,0
DA:119,28
DA:130,30
DA:131,0
DA:134,30
DA:137,30
DA:139,279
DA:140,30
DA:144,0
DA:145,0
DA:148,30
DA:149,0
DA:153,30
DA:161,0
DA:169,1
DA:178,1
DA:180,1
DA:181,1
DA:182,1
DA:184,1
DA:185,0
DA:188,0
DA:190,1
DA:194,0
DA:197,1
DA:198,0
DA:202,1
DA:210,3
DA:219,4
DA:227,1
DA:235,1
DA:250,9
DA:251,9
DA:260,9
DA:261,9
DA:262,90
DA:266,9
DA:276,0
DA:286,9
DA:287,0
DA:298,9
DA:307,3
DA:308,0
DA:314,3
LF:81
LH:63
BRDA:39,0,0,29
BRDA:53,1,0,1
BRDA:70,2,0,28
BRDA:70,2,1,27
BRDA:71,3,0,28
BRDA:71,3,1,25
BRDA:74,4,0,28
BRDA:74,4,1,0
BRDA:79,5,0,28
BRDA:79,5,1,0
BRDA:80,6,0,28
BRDA:80,6,1,0
BRDA:81,7,0,28
BRDA:81,7,1,0
BRDA:83,8,0,28
BRDA:83,8,1,28
BRDA:86,9,0,27
BRDA:86,9,1,1
BRDA:91,10,0,14
BRDA:91,10,1,14
BRDA:92,11,0,14
BRDA:92,11,1,0
BRDA:100,12,0,22
BRDA:100,12,1,0
BRDA:119,13,0,28
BRDA:119,13,1,0
BRDA:130,14,0,0
BRDA:130,14,1,30
BRDA:130,15,0,30
BRDA:130,15,1,30
BRDA:148,16,0,0
BRDA:148,16,1,30
BRDA:184,17,0,0
BRDA:184,17,1,1
BRDA:197,18,0,0
BRDA:197,18,1,1
BRDA:286,19,0,0
BRDA:286,19,1,9
BRDA:286,20,0,9
BRDA:286,20,1,9
BRDA:307,21,0,0
BRF:41
BRH:28
end_of_record
TN:
SF:src\cronjob\feriado-update.cronjob.ts
FN:16,inicializarCronJobFeriados
FN:29,(anonymous_1)
FN:35,(anonymous_2)
FN:52,inicializarCronJobFeriadosPorPais
FN:69,(anonymous_4)
FN:77,(anonymous_5)
FN:96,executarAtualizacaoManual
FNF:7
FNH:0
FNDA:0,inicializarCronJobFeriados
FNDA:0,(anonymous_1)
FNDA:0,(anonymous_2)
FNDA:0,inicializarCronJobFeriadosPorPais
FNDA:0,(anonymous_4)
FNDA:0,(anonymous_5)
FNDA:0,executarAtualizacaoManual
DA:8,2
DA:16,2
DA:17,0
DA:18,0
DA:21,0
DA:24,0
DA:29,0
DA:30,0
DA:31,0
DA:32,0
DA:35,0
DA:36,0
DA:37,0
DA:38,0
DA:41,0
DA:52,2
DA:53,0
DA:54,0
DA:59,0
DA:62,0
DA:64,0
DA:69,0
DA:70,0
DA:73,0
DA:74,0
DA:77,0
DA:78,0
DA:81,0
DA:82,0
DA:85,0
DA:96,2
DA:97,0
DA:98,0
DA:100,0
DA:104,0
DA:106,0
DA:108,0
DA:120,2
DA:121,0
DA:123,0
DA:124,0
DA:126,0
LF:42
LH:5
BRDA:100,0,0,0
BRDA:100,0,1,0
BRDA:106,1,0,0
BRDA:106,1,1,0
BRDA:120,2,0,0
BRDA:120,2,1,2
BRDA:120,3,0,2
BRDA:120,3,1,2
BRDA:123,4,0,0
BRDA:123,4,1,0
BRF:10
BRH:3
end_of_record
TN:
SF:src\domain\entities\horario-comercial.entity.ts
FNF:0
FNH:0
DA:64,4
DA:85,4
DA:93,4
LF:3
LH:3
BRF:0
BRH:0
end_of_record
TN:
SF:src\domain\value-objects\intervalo.value-object.ts
FN:24,(anonymous_0)
FN:36,(anonymous_1)
FN:44,(anonymous_2)
FN:53,(anonymous_3)
FN:65,(anonymous_4)
FN:73,(anonymous_5)
FNF:6
FNH:0
FNDA:0,(anonymous_0)
FNDA:0,(anonymous_1)
FNDA:0,(anonymous_2)
FNDA:0,(anonymous_3)
FNDA:0,(anonymous_4)
FNDA:0,(anonymous_5)
DA:25,0
DA:26,0
DA:28,0
DA:29,0
DA:37,0
DA:45,0
DA:54,0
DA:55,0
DA:56,0
DA:66,0
DA:74,0
LF:11
LH:0
BRDA:55,0,0,0
BRDA:55,0,1,0
BRDA:66,1,0,0
BRDA:66,1,1,0
BRF:4
BRH:0
end_of_record
TN:
SF:src\infrastructure\services\cached-fetch.service.ts
FN:84,(anonymous_0)
FN:114,(anonymous_1)
FN:127,(anonymous_2)
FN:136,(anonymous_3)
FN:149,(anonymous_4)
FN:156,(anonymous_5)
FN:175,(anonymous_6)
FN:190,(anonymous_7)
FN:210,(anonymous_8)
FN:241,(anonymous_9)
FN:275,(anonymous_10)
FN:288,(anonymous_11)
FN:333,(anonymous_12)
FN:344,(anonymous_13)
FN:359,(anonymous_14)
FN:366,(anonymous_15)
FN:385,(anonymous_16)
FN:395,(anonymous_17)
FN:405,(anonymous_18)
FNF:19
FNH:1
FNDA:3,(anonymous_0)
FNDA:0,(anonymous_1)
FNDA:0,(anonymous_2)
FNDA:0,(anonymous_3)
FNDA:0,(anonymous_4)
FNDA:0,(anonymous_5)
FNDA:0,(anonymous_6)
FNDA:0,(anonymous_7)
FNDA:0,(anonymous_8)
FNDA:0,(anonymous_9)
FNDA:0,(anonymous_10)
FNDA:0,(anonymous_11)
FNDA:0,(anonymous_12)
FNDA:0,(anonymous_13)
FNDA:0,(anonymous_14)
FNDA:0,(anonymous_15)
FNDA:0,(anonymous_16)
FNDA:0,(anonymous_17)
FNDA:0,(anonymous_18)
DA:8,3
DA:78,3
DA:79,3
DA:89,3
DA:95,3
DA:102,3
DA:115,0
DA:116,0
DA:117,0
DA:119,0
DA:128,0
DA:129,0
DA:137,0
DA:138,0
DA:139,0
DA:140,0
DA:150,0
DA:151,0
DA:155,0
DA:156,0
DA:160,0
DA:164,0
DA:165,0
DA:180,0
DA:181,0
DA:194,0
DA:196,0
DA:197,0
DA:202,0
DA:203,0
DA:206,0
DA:209,0
DA:210,0
DA:211,0
DA:214,0
DA:215,0
DA:221,0
DA:222,0
DA:225,0
DA:227,0
DA:228,0
DA:230,0
DA:231,0
DA:245,0
DA:246,0
DA:248,0
DA:249,0
DA:250,0
DA:254,0
DA:256,0
DA:257,0
DA:260,0
DA:261,0
DA:264,0
DA:266,0
DA:267,0
DA:269,0
DA:270,0
DA:273,0
DA:274,0
DA:275,0
DA:279,0
DA:289,0
DA:290,0
DA:293,0
DA:294,0
DA:295,0
DA:296,0
DA:297,0
DA:302,0
DA:304,0
DA:306,0
DA:309,0
DA:310,0
DA:317,0
DA:319,0
DA:322,0
DA:324,0
DA:325,0
DA:334,0
DA:335,0
DA:345,0
DA:346,0
DA:348,0
DA:349,0
DA:352,0
DA:365,0
DA:366,0
DA:372,0
DA:386,0
DA:387,0
DA:396,0
DA:397,0
DA:406,0
DA:407,0
DA:414,3
LF:96
LH:7
BRDA:85,0,0,0
BRDA:86,1,0,0
BRDA:87,2,0,0
BRDA:90,3,0,3
BRDA:90,3,1,0
BRDA:91,4,0,3
BRDA:91,4,1,0
BRDA:96,5,0,3
BRDA:96,5,1,0
BRDA:97,6,0,3
BRDA:97,6,1,0
BRDA:98,7,0,3
BRDA:98,7,1,0
BRDA:99,8,0,3
BRDA:99,8,1,0
BRDA:103,9,0,3
BRDA:103,9,1,0
BRDA:114,10,0,0
BRDA:115,11,0,0
BRDA:115,11,1,0
BRDA:116,12,0,0
BRDA:116,12,1,0
BRDA:117,13,0,0
BRDA:117,13,1,0
BRDA:139,14,0,0
BRDA:139,14,1,0
BRDA:150,15,0,0
BRDA:150,15,1,0
BRDA:192,16,0,0
BRDA:196,17,0,0
BRDA:196,17,1,0
BRDA:198,18,0,0
BRDA:198,18,1,0
BRDA:202,19,0,0
BRDA:202,19,1,0
BRDA:216,20,0,0
BRDA:216,20,1,0
BRDA:221,21,0,0
BRDA:221,21,1,0
BRDA:243,22,0,0
BRDA:256,23,0,0
BRDA:256,23,1,0
BRDA:269,24,0,0
BRDA:269,24,1,0
BRDA:279,25,0,0
BRDA:279,25,1,0
BRDA:288,26,0,0
BRDA:293,27,0,0
BRDA:293,27,1,0
BRDA:293,28,0,0
BRDA:293,28,1,0
BRDA:295,29,0,0
BRDA:295,29,1,0
BRDA:295,30,0,0
BRDA:295,30,1,0
BRDA:309,31,0,0
BRDA:309,31,1,0
BRDA:344,32,0,0
BRDA:348,33,0,0
BRDA:348,33,1,0
BRF:60
BRH:7
end_of_record
TN:
SF:src\infrastructure\services\feriado-external.service.ts
FN:81,(anonymous_0)
FN:100,(anonymous_1)
FN:119,(anonymous_2)
FN:154,(anonymous_3)
FN:174,(anonymous_4)
FN:196,(anonymous_5)
FN:201,(anonymous_6)
FN:213,(anonymous_7)
FN:224,(anonymous_8)
FN:240,(anonymous_9)
FN:247,(anonymous_10)
FN:249,(anonymous_11)
FN:261,(anonymous_12)
FN:271,(anonymous_13)
FN:272,(anonymous_14)
FN:273,(anonymous_15)
FN:293,(anonymous_16)
FN:298,(anonymous_17)
FN:310,(anonymous_18)
FN:321,(anonymous_19)
FN:338,(anonymous_20)
FN:530,(anonymous_21)
FNF:22
FNH:0
FNDA:0,(anonymous_0)
FNDA:0,(anonymous_1)
FNDA:0,(anonymous_2)
FNDA:0,(anonymous_3)
FNDA:0,(anonymous_4)
FNDA:0,(anonymous_5)
FNDA:0,(anonymous_6)
FNDA:0,(anonymous_7)
FNDA:0,(anonymous_8)
FNDA:0,(anonymous_9)
FNDA:0,(anonymous_10)
FNDA:0,(anonymous_11)
FNDA:0,(anonymous_12)
FNDA:0,(anonymous_13)
FNDA:0,(anonymous_14)
FNDA:0,(anonymous_15)
FNDA:0,(anonymous_16)
FNDA:0,(anonymous_17)
FNDA:0,(anonymous_18)
FNDA:0,(anonymous_19)
FNDA:0,(anonymous_20)
FNDA:0,(anonymous_21)
DA:9,3
DA:40,3
DA:41,0
DA:87,0
DA:90,0
DA:106,0
DA:109,0
DA:124,0
DA:125,0
DA:144,0
DA:156,0
DA:158,0
DA:160,0
DA:162,0
DA:164,0
DA:179,0
DA:181,0
DA:183,0
DA:185,0
DA:187,0
DA:197,0
DA:198,0
DA:201,0
DA:216,0
DA:217,0
DA:220,0
DA:222,0
DA:223,0
DA:224,0
DA:232,0
DA:241,0
DA:242,0
DA:245,0
DA:247,0
DA:249,0
DA:264,0
DA:265,0
DA:268,0
DA:270,0
DA:271,0
DA:273,0
DA:274,0
DA:275,0
DA:277,0
DA:285,0
DA:294,0
DA:295,0
DA:298,0
DA:313,0
DA:314,0
DA:317,0
DA:319,0
DA:320,0
DA:321,0
DA:329,0
DA:343,0
DA:345,0
DA:393,0
DA:451,0
DA:520,0
DA:535,0
DA:537,0
DA:582,0
DA:627,0
DA:672,0
LF:65
LH:2
BRDA:83,0,0,0
BRDA:84,1,0,0
BRDA:102,2,0,0
BRDA:103,3,0,0
BRDA:121,4,0,0
BRDA:122,5,0,0
BRDA:156,6,0,0
BRDA:156,6,1,0
BRDA:156,6,2,0
BRDA:156,6,3,0
BRDA:179,7,0,0
BRDA:179,7,1,0
BRDA:179,7,2,0
BRDA:179,7,3,0
BRDA:197,8,0,0
BRDA:197,8,1,0
BRDA:202,9,0,0
BRDA:202,9,1,0
BRDA:202,9,2,0
BRDA:203,10,0,0
BRDA:203,10,1,0
BRDA:203,10,2,0
BRDA:204,11,0,0
BRDA:204,11,1,0
BRDA:204,11,2,0
BRDA:204,11,3,0
BRDA:216,12,0,0
BRDA:216,12,1,0
BRDA:216,13,0,0
BRDA:216,13,1,0
BRDA:223,14,0,0
BRDA:223,14,1,0
BRDA:225,15,0,0
BRDA:225,15,1,0
BRDA:225,15,2,0
BRDA:226,16,0,0
BRDA:226,16,1,0
BRDA:226,16,2,0
BRDA:227,17,0,0
BRDA:227,17,1,0
BRDA:227,17,2,0
BRDA:227,17,3,0
BRDA:241,18,0,0
BRDA:241,18,1,0
BRDA:241,19,0,0
BRDA:241,19,1,0
BRDA:241,19,2,0
BRDA:247,20,0,0
BRDA:247,20,1,0
BRDA:252,21,0,0
BRDA:252,21,1,0
BRDA:252,21,2,0
BRDA:264,22,0,0
BRDA:264,22,1,0
BRDA:264,23,0,0
BRDA:264,23,1,0
BRDA:264,23,2,0
BRDA:271,24,0,0
BRDA:271,24,1,0
BRDA:274,25,0,0
BRDA:274,25,1,0
BRDA:280,26,0,0
BRDA:280,26,1,0
BRDA:280,26,2,0
BRDA:294,27,0,0
BRDA:294,27,1,0
BRDA:299,28,0,0
BRDA:299,28,1,0
BRDA:299,28,2,0
BRDA:300,29,0,0
BRDA:300,29,1,0
BRDA:300,29,2,0
BRDA:301,30,0,0
BRDA:301,30,1,0
BRDA:301,30,2,0
BRDA:301,30,3,0
BRDA:313,31,0,0
BRDA:313,31,1,0
BRDA:313,32,0,0
BRDA:313,32,1,0
BRDA:320,33,0,0
BRDA:320,33,1,0
BRDA:322,34,0,0
BRDA:322,34,1,0
BRDA:322,34,2,0
BRDA:323,35,0,0
BRDA:323,35,1,0
BRDA:323,35,2,0
BRDA:324,36,0,0
BRDA:324,36,1,0
BRDA:324,36,2,0
BRDA:324,36,3,0
BRDA:340,37,0,0
BRDA:343,38,0,0
BRDA:343,38,1,0
BRDA:343,38,2,0
BRDA:343,38,3,0
BRDA:532,39,0,0
BRDA:535,40,0,0
BRDA:535,40,1,0
BRDA:535,40,2,0
BRDA:535,40,3,0
BRF:102
BRH:0
end_of_record
TN:
SF:src\infrastructure\utils\feriados.util.ts
FN:24,carregarFeriados
FN:34,obterFeriadosFuturos
FN:39,(anonymous_2)
FN:48,obterFeriadosPassados
FN:53,(anonymous_4)
FN:62,ehFeriado
FN:68,(anonymous_6)
FN:77,obterFeriadoPorData
FN:83,(anonymous_8)
FN:91,obterDatasFeriados
FN:94,(anonymous_10)
FN:103,obterFeriadosPorMes
FN:107,(anonymous_12)
FN:119,obterFeriadosPorAno
FN:123,(anonymous_14)
FNF:15
FNH:0
FNDA:0,carregarFeriados
FNDA:0,obterFeriadosFuturos
FNDA:0,(anonymous_2)
FNDA:0,obterFeriadosPassados
FNDA:0,(anonymous_4)
FNDA:0,ehFeriado
FNDA:0,(anonymous_6)
FNDA:0,obterFeriadoPorData
FNDA:0,(anonymous_8)
FNDA:0,obterDatasFeriados
FNDA:0,(anonymous_10)
FNDA:0,obterFeriadosPorMes
FNDA:0,(anonymous_12)
FNDA:0,obterFeriadosPorAno
FNDA:0,(anonymous_14)
DA:9,2
DA:10,2
DA:13,2
DA:16,2
DA:24,2
DA:25,0
DA:34,2
DA:38,0
DA:39,0
DA:48,2
DA:52,0
DA:53,0
DA:62,2
DA:67,0
DA:68,0
DA:77,2
DA:82,0
DA:83,0
DA:91,2
DA:94,0
DA:103,2
DA:107,0
DA:108,0
DA:109,0
DA:119,2
DA:123,0
DA:124,0
DA:125,0
LF:28
LH:12
BRDA:36,0,0,0
BRDA:39,1,0,0
BRDA:39,1,1,0
BRDA:50,2,0,0
BRDA:53,3,0,0
BRDA:53,3,1,0
BRDA:67,4,0,0
BRDA:67,4,1,0
BRDA:82,5,0,0
BRDA:82,5,1,0
BRDA:108,6,0,0
BRDA:108,6,1,0
BRDA:124,7,0,0
BRDA:124,7,1,0
BRF:14
BRH:0
end_of_record
TN:
SF:src\infrastructure\utils\locale.util.ts
FN:34,isValidUrl
FN:48,carregarFeriadosPersonalizadosDeUrl
FN:136,isValidPersonalHolidaysValue
FN:164,carregarFeriadosPersonalizados
FN:249,carregarFeriadosPersonalizadosSync
FN:291,carregarFeriadosNacionais
FN:335,carregarFeriadosEstaduais
FN:388,carregarDadosLocalizacao
FN:454,listarLocalizacoesDisponiveis
FN:466,(anonymous_9)
FN:467,(anonymous_10)
FN:484,localizacaoValida
FN:502,feriadosPersonalizadosDisponiveis
FN:525,obterInfoFeriadosPersonalizados
FN:588,(anonymous_14)
FN:594,(anonymous_15)
FNF:16
FNH:11
FNDA:21,isValidUrl
FNDA:8,carregarFeriadosPersonalizadosDeUrl
FNDA:41,isValidPersonalHolidaysValue
FNDA:33,carregarFeriadosPersonalizados
FNDA:0,carregarFeriadosPersonalizadosSync
FNDA:28,carregarFeriadosNacionais
FNDA:28,carregarFeriadosEstaduais
FNDA:28,carregarDadosLocalizacao
FNDA:0,listarLocalizacoesDisponiveis
FNDA:0,(anonymous_9)
FNDA:0,(anonymous_10)
FNDA:0,localizacaoValida
FNDA:5,feriadosPersonalizadosDisponiveis
FNDA:3,obterInfoFeriadosPersonalizados
FNDA:1,(anonymous_14)
FNDA:1,(anonymous_15)
DA:9,4
DA:10,4
DA:11,4
DA:12,4
DA:15,4
DA:35,21
DA:36,21
DA:37,12
DA:39,9
DA:48,4
DA:54,8
DA:55,8
DA:56,1
DA:57,1
DA:60,7
DA:80,6
DA:81,6
DA:83,6
DA:85,2
DA:86,4
DA:88,2
DA:89,2
DA:91,2
DA:92,2
DA:96,2
DA:100,4
DA:101,4
DA:103,1
DA:108,3
DA:109,1
DA:111,0
DA:113,1
DA:114,1
DA:116,0
DA:121,3
DA:127,1
DA:138,41
DA:139,32
DA:143,9
DA:144,3
DA:148,6
DA:149,6
DA:150,3
DA:156,3
DA:164,4
DA:168,33
DA:169,33
DA:172,33
DA:174,31
DA:175,0
DA:179,31
DA:183,2
DA:184,1
DA:188,1
DA:189,1
DA:193,1
DA:194,1
DA:196,1
DA:198,0
DA:199,1
DA:201,1
DA:202,1
DA:204,1
DA:205,1
DA:208,0
DA:212,1
DA:213,1
DA:214,0
DA:219,1
DA:220,0
DA:221,0
DA:223,0
DA:224,0
DA:225,0
DA:230,1
DA:236,0
DA:240,0
DA:249,4
DA:253,0
DA:254,0
DA:257,0
DA:259,0
DA:260,0
DA:264,0
DA:268,0
DA:269,0
DA:272,0
DA:276,0
DA:279,0
DA:291,4
DA:292,28
DA:293,28
DA:294,28
DA:301,28
DA:302,0
DA:305,28
DA:306,28
DA:309,28
DA:310,0
DA:314,28
DA:315,260
DA:316,0
DA:320,28
DA:323,0
DA:335,4
DA:338,28
DA:339,28
DA:340,28
DA:347,28
DA:348,0
DA:351,28
DA:352,28
DA:355,28
DA:356,0
DA:360,28
DA:361,280
DA:362,0
DA:365,280
DA:366,312
DA:367,0
DA:372,28
DA:375,0
DA:388,4
DA:400,28
DA:403,28
DA:404,28
DA:405,28
DA:406,0
DA:409,0
DA:419,28
DA:420,28
DA:421,28
DA:424,28
DA:425,1
DA:429,1
DA:430,1
DA:431,1
DA:435,28
DA:436,0
DA:438,28
DA:439,0
DA:442,28
DA:454,4
DA:455,0
DA:456,0
DA:457,0
DA:458,0
DA:460,0
DA:461,0
DA:464,0
DA:466,0
DA:467,0
DA:469,0
DA:472,0
DA:484,4
DA:485,0
DA:486,0
DA:487,0
DA:489,0
DA:491,0
DA:502,4
DA:503,5
DA:504,5
DA:507,5
DA:508,3
DA:512,2
DA:514,0
DA:525,4
DA:534,3
DA:535,3
DA:538,3
DA:539,1
DA:549,2
DA:550,1
DA:560,1
DA:561,1
DA:563,1
DA:564,1
DA:566,1
DA:567,0
DA:568,1
DA:569,1
DA:570,1
DA:572,1
DA:573,1
DA:577,1
DA:578,1
DA:580,1
DA:584,1
DA:588,1
DA:594,1
DA:603,0
DA:612,0
LF:193
LH:136
BRDA:55,0,0,1
BRDA:55,0,1,7
BRDA:83,1,0,2
BRDA:83,1,1,4
BRDA:86,2,0,2
BRDA:86,2,1,2
BRDA:86,3,0,4
BRDA:86,3,1,3
BRDA:88,4,0,2
BRDA:88,4,1,0
BRDA:91,5,0,2
BRDA:91,5,1,0
BRDA:91,6,0,2
BRDA:91,6,1,2
BRDA:101,7,0,1
BRDA:101,7,1,3
BRDA:101,8,0,4
BRDA:101,8,1,4
BRDA:101,8,2,3
BRDA:109,9,0,0
BRDA:109,9,1,1
BRDA:114,10,0,0
BRDA:114,10,1,1
BRDA:114,11,0,1
BRDA:114,11,1,1
BRDA:114,11,2,1
BRDA:138,12,0,32
BRDA:138,12,1,9
BRDA:138,13,0,41
BRDA:138,13,1,9
BRDA:143,14,0,3
BRDA:143,14,1,6
BRDA:172,15,0,31
BRDA:172,15,1,2
BRDA:174,16,0,0
BRDA:174,16,1,31
BRDA:183,17,0,1
BRDA:183,17,1,1
BRDA:196,18,0,0
BRDA:196,18,1,1
BRDA:199,19,0,1
BRDA:199,19,1,0
BRDA:199,20,0,1
BRDA:199,20,1,1
BRDA:201,21,0,1
BRDA:201,21,1,0
BRDA:204,22,0,1
BRDA:204,22,1,0
BRDA:204,23,0,1
BRDA:204,23,1,1
BRDA:213,24,0,0
BRDA:213,24,1,1
BRDA:213,25,0,1
BRDA:213,25,1,1
BRDA:213,25,2,1
BRDA:220,26,0,0
BRDA:220,26,1,0
BRDA:224,27,0,0
BRDA:224,27,1,0
BRDA:224,28,0,0
BRDA:224,28,1,0
BRDA:224,28,2,0
BRDA:257,29,0,0
BRDA:257,29,1,0
BRDA:259,30,0,0
BRDA:259,30,1,0
BRDA:268,31,0,0
BRDA:268,31,1,0
BRDA:293,32,0,28
BRDA:293,32,1,0
BRDA:301,33,0,0
BRDA:301,33,1,28
BRDA:309,34,0,0
BRDA:309,34,1,28
BRDA:315,35,0,0
BRDA:315,35,1,260
BRDA:315,36,0,260
BRDA:315,36,1,260
BRDA:315,36,2,260
BRDA:339,37,0,28
BRDA:339,37,1,0
BRDA:347,38,0,0
BRDA:347,38,1,28
BRDA:355,39,0,0
BRDA:355,39,1,28
BRDA:355,40,0,28
BRDA:355,40,1,28
BRDA:361,41,0,0
BRDA:361,41,1,280
BRDA:366,42,0,0
BRDA:366,42,1,312
BRDA:366,43,0,312
BRDA:366,43,1,312
BRDA:366,43,2,312
BRDA:389,44,0,0
BRDA:398,45,0,3
BRDA:399,46,0,28
BRDA:403,47,0,28
BRDA:403,47,1,0
BRDA:405,48,0,0
BRDA:405,48,1,28
BRDA:419,49,0,27
BRDA:419,49,1,1
BRDA:420,50,0,27
BRDA:420,50,1,1
BRDA:421,51,0,28
BRDA:421,51,1,1
BRDA:424,52,0,1
BRDA:424,52,1,27
BRDA:424,53,0,28
BRDA:424,53,1,27
BRDA:424,53,2,1
BRDA:435,54,0,0
BRDA:435,54,1,28
BRDA:438,55,0,0
BRDA:438,55,1,28
BRDA:460,56,0,0
BRDA:460,56,1,0
BRDA:469,57,0,0
BRDA:469,57,1,0
BRDA:489,58,0,0
BRDA:489,58,1,0
BRDA:507,59,0,3
BRDA:507,59,1,2
BRDA:538,60,0,1
BRDA:538,60,1,2
BRDA:549,61,0,1
BRDA:549,61,1,1
BRDA:566,62,0,0
BRDA:566,62,1,1
BRDA:568,63,0,1
BRDA:568,63,1,0
BRDA:568,64,0,1
BRDA:568,64,1,1
BRDA:569,65,0,1
BRDA:569,65,1,0
BRDA:572,66,0,1
BRDA:572,66,1,0
BRDA:572,67,0,1
BRDA:572,67,1,1
BRDA:580,68,0,1
BRDA:580,68,1,0
BRF:142
BRH:94
end_of_record
TN:
SF:src\infrastructure\utils\logger.util.ts
FN:17,(anonymous_0)
FN:46,(anonymous_1)
FN:63,(anonymous_2)
FN:73,(anonymous_3)
FN:96,(anonymous_4)
FN:109,(anonymous_5)
FN:117,(anonymous_6)
FN:139,(anonymous_7)
FN:151,(anonymous_8)
FN:177,(anonymous_9)
FN:202,(anonymous_10)
FN:221,(anonymous_11)
FN:240,(anonymous_12)
FN:260,(anonymous_13)
FN:280,(anonymous_14)
FN:298,(anonymous_15)
FN:308,(anonymous_16)
FN:334,(anonymous_17)
FN:342,(anonymous_18)
FN:351,(anonymous_19)
FN:361,(anonymous_20)
FNF:21
FNH:13
FNDA:7,(anonymous_0)
FNDA:7,(anonymous_1)
FNDA:7,(anonymous_2)
FNDA:7,(anonymous_3)
FNDA:2,(anonymous_4)
FNDA:565,(anonymous_5)
FNDA:564,(anonymous_6)
FNDA:1,(anonymous_7)
FNDA:1,(anonymous_8)
FNDA:1,(anonymous_9)
FNDA:1,(anonymous_10)
FNDA:0,(anonymous_11)
FNDA:0,(anonymous_12)
FNDA:1,(anonymous_13)
FNDA:0,(anonymous_14)
FNDA:0,(anonymous_15)
FNDA:0,(anonymous_16)
FNDA:0,(anonymous_17)
FNDA:0,(anonymous_18)
FNDA:1,(anonymous_19)
FNDA:0,(anonymous_20)
DA:8,7
DA:9,7
DA:12,7
DA:17,7
DA:18,7
DA:19,7
DA:20,7
DA:21,7
DA:41,7
DA:47,7
DA:54,7
DA:55,7
DA:64,7
DA:65,7
DA:67,7
DA:74,7
DA:75,7
DA:76,0
DA:80,7
DA:81,7
DA:82,0
DA:100,2
DA:104,2
DA:105,2
DA:106,2
DA:109,565
DA:111,2
DA:112,0
DA:116,2
DA:117,2
DA:118,564
DA:119,564
DA:120,562
DA:121,562
DA:122,368
DA:127,2
DA:128,2
DA:131,0
DA:140,1
DA:141,1
DA:156,1
DA:158,1
DA:160,1
DA:161,0
DA:162,0
DA:163,0
DA:167,1
DA:178,1
DA:180,1
DA:181,1
DA:182,1
DA:184,1
DA:185,1
DA:188,1
DA:189,1
DA:190,1
DA:203,1
DA:209,1
DA:210,1
DA:212,1
DA:222,0
DA:223,0
DA:226,0
DA:227,0
DA:228,0
DA:231,0
DA:241,0
DA:242,0
DA:245,0
DA:246,0
DA:247,0
DA:250,0
DA:261,1
DA:262,0
DA:265,1
DA:266,1
DA:267,1
DA:270,1
DA:281,0
DA:282,0
DA:285,0
DA:286,0
DA:287,0
DA:290,0
DA:299,0
DA:300,0
DA:301,0
DA:309,0
DA:316,7
DA:327,7
DA:334,0
DA:342,0
DA:352,1
DA:362,0
LF:94
LH:61
BRDA:17,0,0,7
BRDA:17,0,1,7
BRDA:46,1,0,0
BRDA:48,2,0,7
BRDA:48,2,1,0
BRDA:49,3,0,7
BRDA:49,3,1,7
BRDA:50,4,0,7
BRDA:50,4,1,0
BRDA:51,5,0,7
BRDA:51,5,1,0
BRDA:64,6,0,7
BRDA:64,6,1,0
BRDA:75,7,0,0
BRDA:75,7,1,7
BRDA:81,8,0,0
BRDA:81,8,1,7
BRDA:98,9,0,2
BRDA:100,10,0,1
BRDA:100,10,1,1
BRDA:111,11,0,0
BRDA:111,11,1,2
BRDA:119,12,0,562
BRDA:119,12,1,2
BRDA:119,13,0,564
BRDA:119,13,1,562
BRDA:121,14,0,368
BRDA:121,14,1,194
BRDA:160,15,0,0
BRDA:160,15,1,1
BRDA:162,16,0,0
BRDA:162,16,1,0
BRDA:180,17,0,1
BRDA:180,17,1,0
BRDA:222,18,0,0
BRDA:222,18,1,0
BRDA:222,19,0,0
BRDA:222,19,1,0
BRDA:227,20,0,0
BRDA:227,20,1,0
BRDA:241,21,0,0
BRDA:241,21,1,0
BRDA:246,22,0,0
BRDA:246,22,1,0
BRDA:261,23,0,0
BRDA:261,23,1,1
BRDA:266,24,0,1
BRDA:266,24,1,0
BRDA:281,25,0,0
BRDA:281,25,1,0
BRDA:286,26,0,0
BRDA:286,26,1,0
BRF:52
BRH:24
end_of_record
TN:
SF:src\infrastructure\utils\normalize.util.ts
FN:52,(anonymous_0)
FN:75,(anonymous_1)
FN:91,(anonymous_2)
FN:108,(anonymous_3)
FNF:4
FNH:3
FNDA:214,(anonymous_0)
FNDA:36,(anonymous_1)
FNDA:214,(anonymous_2)
FNDA:0,(anonymous_3)
DA:14,3
DA:52,3
DA:53,214
DA:54,196
DA:55,0
DA:57,18
DA:61,18
DA:62,18
DA:63,0
DA:65,18
DA:75,3
DA:78,36
DA:81,36
DA:82,0
DA:85,36
DA:86,214
DA:87,214
DA:88,214
DA:89,214
DA:91,214
DA:92,214
DA:93,0
DA:95,214
DA:99,36
DA:108,3
DA:109,0
DA:118,0
DA:119,0
DA:121,0
DA:122,0
DA:123,0
DA:125,0
LF:32
LH:21
BRDA:53,0,0,196
BRDA:53,0,1,18
BRDA:54,1,0,196
BRDA:54,1,1,0
BRDA:54,2,0,196
BRDA:54,2,1,196
BRDA:62,3,0,0
BRDA:62,3,1,18
BRDA:81,4,0,0
BRDA:81,4,1,36
BRDA:81,5,0,36
BRDA:81,5,1,36
BRDA:86,6,0,18
BRDA:86,6,1,196
BRDA:89,7,0,9
BRDA:89,7,1,205
BRDA:92,8,0,0
BRDA:92,8,1,214
BRDA:92,9,0,214
BRDA:92,9,1,214
BRDA:118,10,0,0
BRDA:118,10,1,0
BRDA:118,11,0,0
BRDA:118,11,1,0
BRDA:122,12,0,0
BRDA:122,12,1,0
BRF:26
BRH:16
end_of_record
TN:
SF:src\infrastructure\utils\time.util.ts
FN:15,horaParaMinutos
FN:65,minutosParaHora
FN:132,diaIndex
FN:141,nomeDiaSemana
FN:159,nomeDiaSemanaPorIndice
FN:177,isValidTimeFormat
FN:187,normalizarHorario
FN:235,diferencaMinutos
FN:247,adicionarMinutos
FN:259,subtrairMinutos
FN:278,horarioEntre
FN:301,minutosDoDia
FN:310,formatarDataParaISO
FN:354,ehHoje
FN:364,ehFimDeSemana
FN:374,proximoDiaUtil
FN:390,diaUtilAnterior
FN:406,validarFormatoHora
FNF:18
FNH:7
FNDA:97,horaParaMinutos
FNDA:8,minutosParaHora
FNDA:45,diaIndex
FNDA:0,nomeDiaSemana
FNDA:0,nomeDiaSemanaPorIndice
FNDA:111,isValidTimeFormat
FNDA:0,normalizarHorario
FNDA:0,diferencaMinutos
FNDA:0,adicionarMinutos
FNDA:0,subtrairMinutos
FNDA:0,horarioEntre
FNDA:37,minutosDoDia
FNDA:1,formatarDataParaISO
FNDA:0,ehHoje
FNDA:0,ehFimDeSemana
FNDA:0,proximoDiaUtil
FNDA:0,diaUtilAnterior
FNDA:6,validarFormatoHora
DA:8,4
DA:15,4
DA:16,97
DA:17,97
DA:18,97
DA:20,97
DA:21,97
DA:22,3
DA:25,94
DA:26,94
DA:27,94
DA:30,3
DA:34,3
DA:36,0
DA:37,0
DA:40,97
DA:41,0
DA:45,94
DA:46,94
DA:48,0
DA:49,0
DA:52,94
DA:53,0
DA:57,94
DA:65,4
DA:66,8
DA:67,8
DA:68,8
DA:69,8
DA:71,8
DA:73,8
DA:74,8
DA:75,2
DA:77,8
DA:79,0
DA:80,0
DA:83,8
DA:84,0
DA:88,8
DA:89,8
DA:90,8
DA:92,0
DA:93,0
DA:98,8
DA:106,0
DA:110,8
DA:111,8
DA:115,0
DA:116,0
DA:119,8
DA:120,0
DA:124,8
DA:132,4
DA:133,45
DA:141,4
DA:142,0
DA:151,0
DA:159,4
DA:160,0
DA:169,0
DA:177,4
DA:178,111
DA:179,111
DA:187,4
DA:188,0
DA:189,0
DA:190,0
DA:192,0
DA:193,0
DA:194,0
DA:197,0
DA:198,0
DA:199,0
DA:201,0
DA:202,0
DA:205,0
DA:206,0
DA:212,0
DA:213,0
DA:217,0
DA:218,0
DA:221,0
DA:222,0
DA:226,0
DA:235,4
DA:236,0
DA:237,0
DA:238,0
DA:247,4
DA:248,0
DA:249,0
DA:250,0
DA:259,4
DA:260,0
DA:261,0
DA:264,0
DA:265,0
DA:268,0
DA:278,4
DA:283,0
DA:284,0
DA:285,0
DA:287,0
DA:289,0
DA:292,0
DA:301,4
DA:302,37
DA:310,4
DA:311,1
DA:312,1
DA:314,1
DA:315,1
DA:316,0
DA:319,1
DA:320,0
DA:323,1
DA:325,0
DA:326,0
DA:329,1
DA:330,0
DA:334,1
DA:335,1
DA:337,0
DA:338,0
DA:341,1
DA:342,0
DA:346,1
DA:354,4
DA:355,0
DA:356,0
DA:364,4
DA:365,0
DA:366,0
DA:374,4
DA:375,0
DA:376,0
DA:378,0
DA:379,0
DA:382,0
DA:390,4
DA:391,0
DA:392,0
DA:394,0
DA:395,0
DA:398,0
DA:406,4
DA:407,6
LF:147
LH:69
BRDA:21,0,0,3
BRDA:21,0,1,94
BRDA:26,1,0,94
BRDA:26,1,1,0
BRDA:27,2,0,94
BRDA:27,2,1,0
BRDA:30,3,0,3
BRDA:30,3,1,0
BRDA:31,4,0,3
BRDA:31,4,1,3
BRDA:40,5,0,0
BRDA:40,5,1,97
BRDA:40,6,0,97
BRDA:40,6,1,97
BRDA:46,7,0,94
BRDA:46,7,1,1
BRDA:46,8,0,94
BRDA:46,8,1,92
BRDA:52,9,0,0
BRDA:52,9,1,94
BRDA:52,10,0,94
BRDA:52,10,1,94
BRDA:83,11,0,0
BRDA:83,11,1,8
BRDA:83,12,0,8
BRDA:83,12,1,8
BRDA:98,13,0,0
BRDA:98,13,1,8
BRDA:99,14,0,8
BRDA:99,14,1,8
BRDA:99,14,2,8
BRDA:99,14,3,8
BRDA:99,14,4,8
BRDA:99,14,5,8
BRDA:119,15,0,0
BRDA:119,15,1,8
BRDA:119,16,0,8
BRDA:119,16,1,8
BRDA:151,17,0,0
BRDA:151,17,1,0
BRDA:169,18,0,0
BRDA:169,18,1,0
BRDA:193,19,0,0
BRDA:193,19,1,0
BRDA:198,20,0,0
BRDA:198,20,1,0
BRDA:199,21,0,0
BRDA:199,21,1,0
BRDA:205,22,0,0
BRDA:205,22,1,0
BRDA:205,23,0,0
BRDA:205,23,1,0
BRDA:213,24,0,0
BRDA:213,24,1,0
BRDA:213,25,0,0
BRDA:213,25,1,0
BRDA:221,26,0,0
BRDA:221,26,1,0
BRDA:221,27,0,0
BRDA:221,27,1,0
BRDA:287,28,0,0
BRDA:287,28,1,0
BRDA:289,29,0,0
BRDA:289,29,1,0
BRDA:292,30,0,0
BRDA:292,30,1,0
BRDA:315,31,0,0
BRDA:315,31,1,1
BRDA:315,32,0,1
BRDA:315,32,1,1
BRDA:319,33,0,0
BRDA:319,33,1,1
BRDA:329,34,0,0
BRDA:329,34,1,1
BRDA:329,35,0,1
BRDA:329,35,1,1
BRDA:335,36,0,1
BRDA:335,36,1,0
BRDA:341,37,0,0
BRDA:341,37,1,1
BRDA:341,38,0,1
BRDA:341,38,1,1
BRDA:366,39,0,0
BRDA:366,39,1,0
BRF:84
BRH:41
end_of_record
TN:
SF:src\infrastructure\utils\timezone.util.ts
FN:14,toCurrentTimezone
FN:69,getTimezoneOffset
FN:131,isValidTimezone
FN:144,getAvailableTimezones
FN:170,formatDateInTimezone
FN:229,parseDateInTimezone
FN:247,getTimezoneInfo
FN:283,getNowInTimezone
FN:305,getTimeInTimezone
FN:332,getDateInTimezone
FN:355,getDayOfWeekInTimezone
FN:379,getDayNameInTimezone
FN:412,createDateInTimezone
FN:436,compareDatesInTimezone
FN:468,isTodayInTimezone
FN:495,isFutureInTimezone
FN:522,isPastInTimezone
FNF:17
FNH:4
FNDA:6,toCurrentTimezone
FNDA:6,getTimezoneOffset
FNDA:12,isValidTimezone
FNDA:0,getAvailableTimezones
FNDA:0,formatDateInTimezone
FNDA:0,parseDateInTimezone
FNDA:0,getTimezoneInfo
FNDA:6,getNowInTimezone
FNDA:0,getTimeInTimezone
FNDA:0,getDateInTimezone
FNDA:0,getDayOfWeekInTimezone
FNDA:0,getDayNameInTimezone
FNDA:0,createDateInTimezone
FNDA:0,compareDatesInTimezone
FNDA:0,isTodayInTimezone
FNDA:0,isFutureInTimezone
FNDA:0,isPastInTimezone
DA:14,3
DA:18,6
DA:19,6
DA:20,0
DA:23,6
DA:24,0
DA:27,6
DA:28,0
DA:31,6
DA:32,0
DA:36,0
DA:39,6
DA:41,0
DA:45,6
DA:47,6
DA:48,6
DA:49,6
DA:52,0
DA:55,6
DA:57,0
DA:61,6
DA:69,3
DA:75,6
DA:76,6
DA:77,0
DA:80,6
DA:81,0
DA:84,6
DA:87,0
DA:90,6
DA:92,0
DA:96,6
DA:97,6
DA:98,6
DA:101,0
DA:104,6
DA:106,0
DA:110,6
DA:111,6
DA:114,0
DA:117,6
DA:119,0
DA:123,6
DA:131,3
DA:132,12
DA:133,12
DA:134,12
DA:136,0
DA:144,3
DA:145,0
DA:147,0
DA:159,0
DA:170,3
DA:177,0
DA:178,0
DA:179,0
DA:182,0
DA:183,0
DA:186,0
DA:187,0
DA:190,0
DA:191,0
DA:195,0
DA:198,0
DA:200,0
DA:204,0
DA:205,0
DA:211,0
DA:214,0
DA:216,0
DA:220,0
DA:229,3
DA:233,0
DA:234,0
DA:235,0
DA:238,0
DA:247,3
DA:252,0
DA:253,0
DA:254,0
DA:256,0
DA:257,0
DA:258,0
DA:259,0
DA:262,0
DA:263,0
DA:264,0
DA:266,0
DA:267,0
DA:271,0
DA:283,3
DA:284,6
DA:286,6
DA:287,6
DA:290,0
DA:292,6
DA:293,0
DA:297,6
DA:305,3
DA:306,0
DA:308,0
DA:309,0
DA:310,0
DA:316,0
DA:318,0
DA:319,0
DA:323,0
DA:332,3
DA:333,0
DA:335,0
DA:336,0
DA:339,0
DA:341,0
DA:342,0
DA:346,0
DA:355,3
DA:356,0
DA:358,0
DA:359,0
DA:360,0
DA:363,0
DA:365,0
DA:366,0
DA:370,0
DA:379,3
DA:380,0
DA:382,0
DA:383,0
DA:392,0
DA:393,0
DA:396,0
DA:398,0
DA:399,0
DA:403,0
DA:412,3
DA:413,0
DA:415,0
DA:416,0
DA:419,0
DA:421,0
DA:422,0
DA:426,0
DA:436,3
DA:441,0
DA:443,0
DA:444,0
DA:445,0
DA:447,0
DA:448,0
DA:449,0
DA:452,0
DA:454,0
DA:455,0
DA:459,0
DA:468,3
DA:469,0
DA:471,0
DA:472,0
DA:473,0
DA:475,0
DA:478,0
DA:481,0
DA:482,0
DA:486,0
DA:495,3
DA:496,0
DA:498,0
DA:499,0
DA:500,0
DA:502,0
DA:505,0
DA:508,0
DA:509,0
DA:513,0
DA:522,3
DA:523,0
DA:525,0
DA:526,0
DA:527,0
DA:529,0
DA:532,0
DA:535,0
DA:536,0
DA:540,0
LF:184
LH:50
BRDA:19,0,0,0
BRDA:19,0,1,6
BRDA:19,1,0,6
BRDA:19,1,1,6
BRDA:23,2,0,0
BRDA:23,2,1,6
BRDA:27,3,0,0
BRDA:27,3,1,6
BRDA:31,4,0,0
BRDA:31,4,1,6
BRDA:39,5,0,0
BRDA:39,5,1,6
BRDA:39,6,0,6
BRDA:39,6,1,6
BRDA:55,7,0,0
BRDA:55,7,1,6
BRDA:76,8,0,0
BRDA:76,8,1,6
BRDA:76,9,0,6
BRDA:76,9,1,6
BRDA:80,10,0,0
BRDA:80,10,1,6
BRDA:90,11,0,0
BRDA:90,11,1,6
BRDA:90,12,0,6
BRDA:90,12,1,6
BRDA:104,13,0,0
BRDA:104,13,1,6
BRDA:104,14,0,6
BRDA:104,14,1,6
BRDA:117,15,0,0
BRDA:117,15,1,6
BRDA:178,16,0,0
BRDA:178,16,1,0
BRDA:178,17,0,0
BRDA:178,17,1,0
BRDA:182,18,0,0
BRDA:182,18,1,0
BRDA:186,19,0,0
BRDA:186,19,1,0
BRDA:186,20,0,0
BRDA:186,20,1,0
BRDA:190,21,0,0
BRDA:190,21,1,0
BRDA:198,22,0,0
BRDA:198,22,1,0
BRDA:198,23,0,0
BRDA:198,23,1,0
BRDA:214,24,0,0
BRDA:214,24,1,0
BRDA:214,25,0,0
BRDA:214,25,1,0
BRDA:266,26,0,0
BRDA:266,26,1,0
BRDA:266,27,0,0
BRDA:266,27,1,0
BRDA:292,28,0,0
BRDA:292,28,1,6
BRDA:292,29,0,6
BRDA:292,29,1,6
BRDA:318,30,0,0
BRDA:318,30,1,0
BRDA:318,31,0,0
BRDA:318,31,1,0
BRDA:341,32,0,0
BRDA:341,32,1,0
BRDA:341,33,0,0
BRDA:341,33,1,0
BRDA:365,34,0,0
BRDA:365,34,1,0
BRDA:365,35,0,0
BRDA:365,35,1,0
BRDA:365,35,2,0
BRDA:393,36,0,0
BRDA:393,36,1,0
BRDA:398,37,0,0
BRDA:398,37,1,0
BRDA:398,38,0,0
BRDA:398,38,1,0
BRDA:421,39,0,0
BRDA:421,39,1,0
BRDA:421,40,0,0
BRDA:421,40,1,0
BRDA:447,41,0,0
BRDA:447,41,1,0
BRDA:448,42,0,0
BRDA:448,42,1,0
BRDA:454,43,0,0
BRDA:454,43,1,0
BRDA:481,44,0,0
BRDA:481,44,1,0
BRDA:508,45,0,0
BRDA:508,45,1,0
BRDA:535,46,0,0
BRDA:535,46,1,0
BRF:95
BRH:24
end_of_record
TN:
SF:src\presentation\controllers\feriado-update.controller.ts
FN:39,(anonymous_0)
FN:47,(anonymous_1)
FN:55,(anonymous_2)
FN:63,(anonymous_3)
FN:70,(anonymous_4)
FN:77,(anonymous_5)
FN:85,(anonymous_6)
FNF:7
FNH:0
FNDA:0,(anonymous_0)
FNDA:0,(anonymous_1)
FNDA:0,(anonymous_2)
FNDA:0,(anonymous_3)
FNDA:0,(anonymous_4)
FNDA:0,(anonymous_5)
FNDA:0,(anonymous_6)
DA:13,2
DA:36,2
DA:40,0
DA:48,0
DA:56,0
DA:64,0
DA:71,0
DA:78,0
DA:88,0
LF:9
LH:2
BRF:0
BRH:0
end_of_record
TN:
SF:src\presentation\controllers\horario-comercial.controller.ts
FN:62,(anonymous_0)
FN:69,(anonymous_1)
FN:105,(anonymous_2)
FN:115,(anonymous_3)
FN:124,(anonymous_4)
FNF:5
FNH:0
FNDA:0,(anonymous_0)
FNDA:0,(anonymous_1)
FNDA:0,(anonymous_2)
FNDA:0,(anonymous_3)
FNDA:0,(anonymous_4)
DA:62,0
DA:70,0
DA:71,0
DA:72,0
DA:73,0
DA:82,0
DA:86,0
DA:87,0
DA:90,0
DA:91,0
DA:94,0
DA:95,0
DA:98,0
DA:106,0
DA:116,0
DA:117,0
DA:125,0
LF:17
LH:0
BRDA:69,0,0,0
BRDA:73,1,0,0
BRDA:73,1,1,0
BRDA:86,2,0,0
BRDA:86,2,1,0
BRDA:90,3,0,0
BRDA:90,3,1,0
BRDA:94,4,0,0
BRDA:94,4,1,0
BRF:9
BRH:0
end_of_record
TN:
SF:src\presentation\controllers\optimized-horario-comercial.controller.ts
FN:79,(anonymous_0)
FN:91,(anonymous_1)
FN:112,(anonymous_2)
FN:122,(anonymous_3)
FN:131,(anonymous_4)
FN:139,(anonymous_5)
FN:146,(anonymous_6)
FNF:7
FNH:0
FNDA:0,(anonymous_0)
FNDA:0,(anonymous_1)
FNDA:0,(anonymous_2)
FNDA:0,(anonymous_3)
FNDA:0,(anonymous_4)
FNDA:0,(anonymous_5)
FNDA:0,(anonymous_6)
DA:69,2
DA:80,0
DA:83,0
DA:92,0
DA:93,0
DA:94,0
DA:96,0
DA:98,0
DA:100,0
DA:113,0
DA:123,0
DA:124,0
DA:132,0
DA:140,0
DA:147,0
LF:15
LH:1
BRDA:92,0,0,0
BRDA:92,0,1,0
BRDA:104,1,0,0
BRDA:104,1,1,0
BRF:4
BRH:0
end_of_record
TN:
SF:src\presentation\factories\feriado-update.factory.ts
FN:23,(anonymous_0)
FN:31,(anonymous_1)
FN:53,(anonymous_2)
FN:72,(anonymous_3)
FNF:4
FNH:0
FNDA:0,(anonymous_0)
FNDA:0,(anonymous_1)
FNDA:0,(anonymous_2)
FNDA:0,(anonymous_3)
DA:9,2
DA:17,2
DA:24,0
DA:32,0
DA:33,0
DA:35,0
DA:45,0
DA:54,0
DA:64,0
DA:74,0
DA:75,0
DA:76,0
DA:77,0
DA:78,0
DA:79,0
DA:83,0
DA:90,0
DA:91,0
DA:97,0
DA:98,0
DA:103,0
DA:106,0
LF:22
LH:2
BRDA:32,0,0,0
BRDA:32,0,1,0
BRDA:40,1,0,0
BRDA:40,1,1,0
BRDA:42,2,0,0
BRDA:42,2,1,0
BRDA:59,3,0,0
BRDA:59,3,1,0
BRDA:61,4,0,0
BRDA:61,4,1,0
BRDA:74,5,0,0
BRDA:74,5,1,0
BRDA:76,6,0,0
BRDA:76,6,1,0
BRDA:78,7,0,0
BRDA:78,7,1,0
BRDA:83,8,0,0
BRDA:83,8,1,0
BRDA:84,9,0,0
BRDA:84,9,1,0
BRDA:84,9,2,0
BRDA:84,9,3,0
BRDA:84,9,4,0
BRDA:91,10,0,0
BRDA:91,10,1,0
BRDA:92,11,0,0
BRDA:92,11,1,0
BRDA:92,11,2,0
BRDA:92,11,3,0
BRDA:98,12,0,0
BRDA:98,12,1,0
BRDA:99,13,0,0
BRDA:99,13,1,0
BRDA:99,13,2,0
BRF:34
BRH:0
end_of_record
TN:
SF:src\presentation\factories\horario-comercial.factory.ts
FN:46,(anonymous_0)
FN:83,(anonymous_1)
FN:84,(anonymous_2)
FN:85,(anonymous_3)
FN:96,(anonymous_4)
FN:110,(anonymous_5)
FN:131,(anonymous_6)
FN:152,(anonymous_7)
FNF:8
FNH:8
FNDA:12,(anonymous_0)
FNDA:8,(anonymous_1)
FNDA:2,(anonymous_2)
FNDA:3,(anonymous_3)
FNDA:2,(anonymous_4)
FNDA:5,(anonymous_5)
FNDA:2,(anonymous_6)
FNDA:2,(anonymous_7)
DA:14,3
DA:18,3
DA:19,3
DA:40,3
DA:48,12
DA:51,12
DA:56,12
DA:63,12
DA:64,0
DA:69,12
DA:83,8
DA:84,2
DA:86,3
DA:100,2
DA:101,2
DA:114,5
DA:135,2
DA:156,2
LF:18
LH:17
BRDA:58,0,0,12
BRDA:58,0,1,12
BRDA:63,1,0,0
BRDA:63,1,1,12
BRDA:119,2,0,5
BRDA:119,2,1,3
BRDA:140,3,0,2
BRDA:140,3,1,1
BRDA:161,4,0,2
BRDA:161,4,1,1
BRF:10
BRH:9
end_of_record
TN:
SF:src\presentation\factories\optimized-horario-comercial.factory.ts
FN:49,(anonymous_0)
FN:65,(anonymous_1)
FN:103,(anonymous_2)
FN:104,(anonymous_3)
FN:105,(anonymous_4)
FN:109,(anonymous_5)
FN:111,(anonymous_6)
FN:121,(anonymous_7)
FN:126,(anonymous_8)
FN:137,(anonymous_9)
FN:155,(anonymous_10)
FN:173,(anonymous_11)
FNF:12
FNH:0
FNDA:0,(anonymous_0)
FNDA:0,(anonymous_1)
FNDA:0,(anonymous_2)
FNDA:0,(anonymous_3)
FNDA:0,(anonymous_4)
FNDA:0,(anonymous_5)
FNDA:0,(anonymous_6)
FNDA:0,(anonymous_7)
FNDA:0,(anonymous_8)
FNDA:0,(anonymous_9)
FNDA:0,(anonymous_10)
FNDA:0,(anonymous_11)
DA:14,2
DA:15,2
DA:16,2
DA:17,2
DA:18,2
DA:43,2
DA:51,0
DA:54,0
DA:59,0
DA:65,0
DA:66,0
DA:72,0
DA:79,0
DA:80,0
DA:85,0
DA:103,0
DA:104,0
DA:106,0
DA:110,0
DA:111,0
DA:125,0
DA:126,0
DA:128,0
DA:141,0
DA:146,0
DA:159,0
DA:164,0
DA:177,0
DA:182,0
LF:29
LH:6
BRDA:61,0,0,0
BRDA:61,0,1,0
BRDA:79,1,0,0
BRDA:79,1,1,0
BRDA:143,2,0,0
BRDA:143,2,1,0
BRDA:161,3,0,0
BRDA:161,3,1,0
BRDA:179,4,0,0
BRDA:179,4,1,0
BRF:10
BRH:0
end_of_record
TN:
SF:src\security\advanced-rate-limiter.ts
FN:44,(anonymous_0)
FN:58,(anonymous_1)
FN:96,(anonymous_2)
FN:133,(anonymous_3)
FN:154,(anonymous_4)
FN:172,(anonymous_5)
FN:177,(anonymous_6)
FN:202,(anonymous_7)
FN:205,(anonymous_8)
FN:222,(anonymous_9)
FN:243,(anonymous_10)
FN:249,(anonymous_11)
FN:265,(anonymous_12)
FN:271,(anonymous_13)
FN:295,(anonymous_14)
FN:306,(anonymous_15)
FNF:16
FNH:0
FNDA:0,(anonymous_0)
FNDA:0,(anonymous_1)
FNDA:0,(anonymous_2)
FNDA:0,(anonymous_3)
FNDA:0,(anonymous_4)
FNDA:0,(anonymous_5)
FNDA:0,(anonymous_6)
FNDA:0,(anonymous_7)
FNDA:0,(anonymous_8)
FNDA:0,(anonymous_9)
FNDA:0,(anonymous_10)
FNDA:0,(anonymous_11)
FNDA:0,(anonymous_12)
FNDA:0,(anonymous_13)
FNDA:0,(anonymous_14)
FNDA:0,(anonymous_15)
DA:32,0
DA:33,0
DA:41,0
DA:45,0
DA:59,0
DA:62,0
DA:63,0
DA:64,0
DA:68,0
DA:69,0
DA:70,0
DA:74,0
DA:75,0
DA:76,0
DA:80,0
DA:81,0
DA:82,0
DA:86,0
DA:87,0
DA:100,0
DA:102,0
DA:103,0
DA:108,0
DA:112,0
DA:113,0
DA:114,0
DA:115,0
DA:118,0
DA:127,0
DA:134,0
DA:136,0
DA:137,0
DA:148,0
DA:155,0
DA:157,0
DA:158,0
DA:166,0
DA:173,0
DA:176,0
DA:177,0
DA:181,0
DA:182,0
DA:183,0
DA:185,0
DA:196,0
DA:203,0
DA:204,0
DA:205,0
DA:207,0
DA:208,0
DA:209,0
DA:212,0
DA:213,0
DA:214,0
DA:215,0
DA:223,0
DA:224,0
DA:225,0
DA:226,0
DA:228,0
DA:229,0
DA:232,0
DA:247,0
DA:248,0
DA:249,0
DA:253,0
DA:254,0
DA:256,0
DA:266,0
DA:269,0
DA:270,0
DA:271,0
DA:273,0
DA:274,0
DA:275,0
DA:277,0
DA:282,0
DA:283,0
DA:287,0
DA:300,0
DA:301,0
DA:302,0
DA:304,0
DA:305,0
DA:306,0
DA:310,0
DA:311,0
DA:312,0
DA:316,0
LF:89
LH:0
BRDA:48,0,0,0
BRDA:48,0,1,0
BRDA:49,1,0,0
BRDA:49,1,1,0
BRDA:50,2,0,0
BRDA:50,2,1,0
BRDA:51,3,0,0
BRDA:51,3,1,0
BRDA:63,4,0,0
BRDA:63,4,1,0
BRDA:69,5,0,0
BRDA:69,5,1,0
BRDA:75,6,0,0
BRDA:75,6,1,0
BRDA:81,7,0,0
BRDA:81,7,1,0
BRDA:102,8,0,0
BRDA:102,8,1,0
BRDA:112,9,0,0
BRDA:112,9,1,0
BRDA:113,10,0,0
BRDA:113,10,1,0
BRDA:136,11,0,0
BRDA:136,11,1,0
BRDA:136,12,0,0
BRDA:136,12,1,0
BRDA:157,13,0,0
BRDA:157,13,1,0
BRDA:157,14,0,0
BRDA:157,14,1,0
BRDA:173,15,0,0
BRDA:173,15,1,0
BRDA:181,16,0,0
BRDA:181,16,1,0
BRDA:203,17,0,0
BRDA:203,17,1,0
BRDA:213,18,0,0
BRDA:213,18,1,0
BRDA:213,19,0,0
BRDA:213,19,1,0
BRDA:224,20,0,0
BRDA:224,20,1,0
BRDA:228,21,0,0
BRDA:228,21,1,0
BRDA:247,22,0,0
BRDA:247,22,1,0
BRDA:253,23,0,0
BRDA:253,23,1,0
BRDA:273,24,0,0
BRDA:273,24,1,0
BRDA:283,25,0,0
BRDA:283,25,1,0
BRDA:284,26,0,0
BRDA:284,26,1,0
BRDA:311,27,0,0
BRDA:311,27,1,0
BRF:56
BRH:0
end_of_record
TN:
SF:src\security\rate-limiter-integration.ts
FN:50,(anonymous_0)
FN:69,(anonymous_1)
FN:76,(anonymous_2)
FN:83,(anonymous_3)
FN:90,(anonymous_4)
FN:100,(anonymous_5)
FN:109,(anonymous_6)
FN:138,applyRateLimit
FN:173,(anonymous_8)
FN:177,(anonymous_9)
FN:181,(anonymous_10)
FN:195,(anonymous_11)
FN:212,(anonymous_12)
FNF:13
FNH:0
FNDA:0,(anonymous_0)
FNDA:0,(anonymous_1)
FNDA:0,(anonymous_2)
FNDA:0,(anonymous_3)
FNDA:0,(anonymous_4)
FNDA:0,(anonymous_5)
FNDA:0,(anonymous_6)
FNDA:0,applyRateLimit
FNDA:0,(anonymous_8)
FNDA:0,(anonymous_9)
FNDA:0,(anonymous_10)
FNDA:0,(anonymous_11)
FNDA:0,(anonymous_12)
DA:15,0
DA:48,0
DA:52,0
DA:56,0
DA:60,0
DA:70,0
DA:77,0
DA:84,0
DA:91,0
DA:92,0
DA:93,0
DA:101,0
DA:102,0
DA:124,0
DA:125,0
DA:126,0
DA:128,0
DA:133,0
DA:144,0
DA:146,0
DA:147,0
DA:149,0
DA:150,0
DA:152,0
DA:153,0
DA:155,0
DA:158,0
DA:159,0
DA:164,0
DA:174,0
DA:178,0
DA:183,0
DA:186,0
DA:187,0
DA:188,0
DA:192,0
DA:197,0
DA:201,0
DA:202,0
DA:203,0
DA:209,0
DA:214,0
LF:42
LH:0
BRDA:92,0,0,0
BRDA:92,0,1,0
BRDA:144,1,0,0
BRDA:144,1,1,0
BRDA:144,1,2,0
BRDA:144,1,3,0
BRDA:158,2,0,0
BRDA:158,2,1,0
BRDA:181,3,0,0
BRDA:187,4,0,0
BRDA:187,4,1,0
BRDA:202,5,0,0
BRDA:202,5,1,0
BRF:13
BRH:0
end_of_record
TN:
SF:src\security\rate-limiter.ts
FN:22,(anonymous_0)
FN:32,(anonymous_1)
FN:37,(anonymous_2)
FN:55,(anonymous_3)
FN:59,(anonymous_4)
FN:74,(anonymous_5)
FN:77,(anonymous_6)
FNF:7
FNH:0
FNDA:0,(anonymous_0)
FNDA:0,(anonymous_1)
FNDA:0,(anonymous_2)
FNDA:0,(anonymous_3)
FNDA:0,(anonymous_4)
FNDA:0,(anonymous_5)
FNDA:0,(anonymous_6)
DA:13,0
DA:23,0
DA:24,0
DA:33,0
DA:34,0
DA:37,0
DA:40,0
DA:41,0
DA:45,0
DA:46,0
DA:48,0
DA:56,0
DA:57,0
DA:58,0
DA:59,0
DA:61,0
DA:62,0
DA:64,0
DA:75,0
DA:76,0
DA:77,0
DA:80,0
DA:81,0
DA:83,0
LF:24
LH:0
BRDA:22,0,0,0
BRDA:22,1,0,0
BRDA:34,2,0,0
BRDA:34,2,1,0
BRDA:40,3,0,0
BRDA:40,3,1,0
BRDA:61,4,0,0
BRDA:61,4,1,0
BRDA:76,5,0,0
BRDA:76,5,1,0
BRDA:80,6,0,0
BRDA:80,6,1,0
BRF:12
BRH:0
end_of_record
TN:
SF:src\security\validators\input.validator.ts
FN:32,(anonymous_0)
FN:99,(anonymous_1)
FN:150,(anonymous_2)
FN:160,(anonymous_3)
FN:170,(anonymous_4)
FN:221,(anonymous_5)
FN:265,(anonymous_6)
FN:304,(anonymous_7)
FN:325,(anonymous_8)
FN:334,(anonymous_9)
FN:384,(anonymous_10)
FN:394,(anonymous_11)
FN:403,(anonymous_12)
FN:437,(anonymous_13)
FNF:14
FNH:8
FNDA:0,(anonymous_0)
FNDA:0,(anonymous_1)
FNDA:8,(anonymous_2)
FNDA:0,(anonymous_3)
FNDA:9,(anonymous_4)
FNDA:0,(anonymous_5)
FNDA:0,(anonymous_6)
FNDA:3,(anonymous_7)
FNDA:3,(anonymous_8)
FNDA:0,(anonymous_9)
FNDA:6,(anonymous_10)
FNDA:8,(anonymous_11)
FNDA:6,(anonymous_12)
FNDA:3,(anonymous_13)
DA:12,1
DA:26,1
DA:35,0
DA:36,0
DA:38,0
DA:39,0
DA:40,0
DA:41,0
DA:42,0
DA:45,0
DA:55,0
DA:56,0
DA:57,0
DA:58,0
DA:59,0
DA:62,0
DA:63,0
DA:64,0
DA:65,0
DA:68,0
DA:69,0
DA:72,0
DA:73,0
DA:77,0
DA:78,0
DA:79,0
DA:82,0
DA:83,0
DA:87,0
DA:103,0
DA:105,0
DA:106,0
DA:107,0
DA:110,0
DA:111,0
DA:112,0
DA:113,0
DA:118,0
DA:119,0
DA:120,0
DA:121,0
DA:126,0
DA:132,0
DA:136,0
DA:142,0
DA:151,8
DA:152,8
DA:161,0
DA:162,0
DA:171,9
DA:174,9
DA:175,9
DA:176,0
DA:177,0
DA:180,9
DA:182,0
DA:183,0
DA:184,0
DA:187,9
DA:188,3
DA:189,3
DA:193,6
DA:195,6
DA:196,6
DA:197,6
DA:199,6
DA:200,2
DA:205,0
DA:206,0
DA:209,6
DA:222,0
DA:224,0
DA:225,0
DA:226,0
DA:229,0
DA:233,0
DA:236,0
DA:237,0
DA:238,0
DA:239,0
DA:241,0
DA:242,0
DA:243,0
DA:244,0
DA:248,0
DA:254,0
DA:266,0
DA:295,0
DA:308,3
DA:309,0
DA:312,3
DA:326,3
DA:335,0
DA:338,0
DA:339,0
DA:340,0
DA:341,0
DA:344,0
DA:346,0
DA:347,0
DA:348,0
DA:351,0
DA:352,0
DA:353,0
DA:357,0
DA:359,0
DA:360,0
DA:364,0
DA:365,0
DA:368,0
DA:369,0
DA:372,0
DA:385,6
DA:386,6
DA:395,8
DA:404,6
DA:406,6
DA:429,6
DA:438,3
DA:439,3
DA:440,3
DA:442,2
DA:443,3
DA:444,3
DA:445,3
DA:447,0
DA:448,0
DA:452,1
DA:454,0
DA:455,0
LF:130
LH:35
BRDA:39,0,0,0
BRDA:39,0,1,0
BRDA:39,1,0,0
BRDA:39,1,1,0
BRDA:57,2,0,0
BRDA:57,2,1,0
BRDA:62,3,0,0
BRDA:62,3,1,0
BRDA:82,4,0,0
BRDA:82,4,1,0
BRDA:105,5,0,0
BRDA:105,5,1,0
BRDA:105,6,0,0
BRDA:105,6,1,0
BRDA:110,7,0,0
BRDA:110,7,1,0
BRDA:110,8,0,0
BRDA:110,8,1,0
BRDA:112,9,0,0
BRDA:112,9,1,0
BRDA:118,10,0,0
BRDA:118,10,1,0
BRDA:118,11,0,0
BRDA:118,11,1,0
BRDA:120,12,0,0
BRDA:120,12,1,0
BRDA:126,13,0,0
BRDA:126,13,1,0
BRDA:127,14,0,0
BRDA:127,14,1,0
BRDA:127,14,2,0
BRDA:127,14,3,0
BRDA:132,15,0,0
BRDA:132,15,1,0
BRDA:162,16,0,0
BRDA:162,16,1,0
BRDA:162,17,0,0
BRDA:162,17,1,0
BRDA:175,18,0,0
BRDA:175,18,1,9
BRDA:180,19,0,7
BRDA:180,19,1,2
BRDA:187,20,0,3
BRDA:187,20,1,6
BRDA:187,21,0,9
BRDA:187,21,1,9
BRDA:199,22,0,2
BRDA:199,22,1,4
BRDA:199,23,0,6
BRDA:199,23,1,5
BRDA:224,24,0,0
BRDA:224,24,1,0
BRDA:224,25,0,0
BRDA:224,25,1,0
BRDA:229,26,0,0
BRDA:229,26,1,0
BRDA:230,27,0,0
BRDA:230,27,1,0
BRDA:236,28,0,0
BRDA:236,28,1,0
BRDA:237,29,0,0
BRDA:237,29,1,0
BRDA:238,30,0,0
BRDA:238,30,1,0
BRDA:241,31,0,0
BRDA:241,31,1,0
BRDA:243,32,0,0
BRDA:243,32,1,0
BRDA:243,33,0,0
BRDA:243,33,1,0
BRDA:306,34,0,0
BRDA:308,35,0,0
BRDA:308,35,1,3
BRDA:339,36,0,0
BRDA:339,36,1,0
BRDA:339,37,0,0
BRDA:339,37,1,0
BRDA:351,38,0,0
BRDA:351,38,1,0
BRDA:359,39,0,0
BRDA:359,39,1,0
BRDA:364,40,0,0
BRDA:364,40,1,0
BRDA:404,41,0,0
BRDA:404,41,1,6
BRDA:439,42,0,0
BRDA:439,42,1,3
BRDA:440,43,0,1
BRDA:440,43,1,2
BRDA:445,44,0,1
BRDA:445,44,1,2
BRF:91
BRH:18
end_of_record
